Arguments: 
  C:\Program Files\nodejs\node.exe C:\Program Files (x86)\Yarn\bin\yarn.js init

PATH: 
  C:\Users\zzharuk\bin;C:\Program Files\Git\mingw64\bin;C:\Program Files\Git\usr\local\bin;C:\Program Files\Git\usr\bin;C:\Program Files\Git\usr\bin;C:\Program Files\Git\mingw64\bin;C:\Program Files\Git\usr\bin;C:\Users\zzharuk\bin;C:\Windows\system32;C:\Windows;C:\Windows\System32\Wbem;C:\Windows\System32\WindowsPowerShell\v1.0;C:\Program Files\nodejs;C:\Program Files\Git\cmd;C:\Program Files (x86)\Yarn\bin;C:\Users\zzharuk\AppData\Local\Programs\Microsoft VS Code\bin;C:\Users\zzharuk\AppData\Local\atom\bin;C:\Users\zzharuk\AppData\Roaming\npm;C:\wamp64\bin\php\php7.0.29;C:\Users\zzharuk\Downloads\php-cs-fixer-v2.phar;C:\wamp64\bin\mysql\mysql5.7.21\bin;C:\Users\zzharuk\AppData\Local\Yarn\bin;C:\Program Files\Git\usr\bin\vendor_perl;C:\Program Files\Git\usr\bin\core_perl

Yarn version: 
  1.10.1

Node version: 
  8.11.4

Platform: 
  win32 x64

Trace: 
  SyntaxError: D:\Work\zzharuk\Site-workspace\Loreal_proto\package.json: Unexpected token } in JSON at position 1321
      at JSON.parse (<anonymous>)
      at C:\Program Files (x86)\Yarn\lib\cli.js:1136:59
      at Generator.next (<anonymous>)
      at step (C:\Program Files (x86)\Yarn\lib\cli.js:98:30)
      at C:\Program Files (x86)\Yarn\lib\cli.js:109:13
      at <anonymous>

npm manifest: 
  {
    "name": "mmcs",
    "version": "1.0.0",
    "main": "index.js",
    "license": "MIT",
    "devDependencies": {
      "browser-sync": "^2.24.7",
      "del": "^3.0.0",
      "gulp": "^3.9.1",
      "gulp-autoprefixer": "^6.0.0",
      "gulp-browserify": "^0.5.1",
      "gulp-cache": "^1.0.2",
      "gulp-cheerio": "^0.6.3",
      "gulp-concat": "^2.6.1",
      "gulp-cssnano": "^2.1.3",
      "gulp-decomment": "^0.2.0",
      "gulp-if": "^2.0.2",
      "gulp-imagemin": "^4.1.0",
      "gulp-images-resizer": "^0.0.5",
      "gulp-json-concat": "^0.1.1",
      "gulp-load-plugins": "^1.5.0",
      "gulp-mustache": "^3.0.1",
      "gulp-notify": "^3.2.0",
      "gulp-plumber": "^1.2.0",
      "gulp-pretty-html": "^2.0.9",
      "gulp-rename": "^1.4.0",
      "gulp-replace": "^1.0.0",
      "gulp-sass": "^4.0.1",
      "gulp-seo": "^1.0.2",
      "gulp-sequence": "^1.0.0",
      "gulp-sourcemaps": "^2.6.4",
      "gulp-strip-debug": "^3.0.0",
      "gulp-svg-sprite": "^1.5.0",
      "gulp-svgmin": "^2.1.0",
      "gulp-uglify": "^3.0.1",
      "gulp.spritesmith": "^6.9.0",
      "imagemin-jpegtran": "^5.0.2",
      "imagemin-pngquant": "^6.0.0",
      "run-sequence": "^2.2.1",
      "vinyl-buffer": "^1.0.1",
      "vinyl-source-stream": "^2.0.0"
    },
    "dependencies": {
      "bootstrap": "^4.1.3",
      "font-awesome": "^4.7.0",
      "jquery": "^3.3.1",
      "popper.js": "^1.14.4",
    }
  }

yarn manifest: 
  No manifest

Lockfile: 
  No lockfile
